2024-09-15 04:29:21 DEBUG - Got browser profile options from settings file: 
{disable-popup-blocking=true, profile.default_content_settings.popups=0, download.prompt_for_download=false, intl.accept_languages=en, safebrowsing.enabled=true, download.default_directory=./downloads}
2024-09-15 04:29:21 DEBUG - Got browser logging preferences from settings file: 
{Performance=All}
2024-09-15 04:29:25 DEBUG - Set '15' timeout in seconds for loading of pages
2024-09-15 04:29:25 DEBUG - Set async javascript execution timeout '10' in seconds
2024-09-15 04:29:25 INFO  - Browser 'CHROME' ready...
2024-09-15 04:29:25 INFO  - Maximizing browser window
2024-09-15 04:29:25 INFO  - Navigate to url - 'https://www.accuweather.com/'
2024-09-15 04:29:32 DEBUG - Elements were found by locator 'By.className: results-container' but not in desired state DISPLAYED
2024-09-15 04:29:32 DEBUG - Elements were found by locator 'By.className: results-container' but not in desired state DISPLAYED
2024-09-15 04:29:33 INFO  - Label 'Main Page' :: Waiting for element to be displayed
2024-09-15 04:30:03 DEBUG - No elements with locator 'By.xpath: //div[contains(@class, 'main-page')]' were found in DISPLAYED state
2024-09-15 04:30:03 INFO  - Label 'Main Page' :: Element has not become displayed after timeout
2024-09-15 04:30:03 DEBUG - Elements were found by locator 'By.className: results-container' but not in desired state DISPLAYED
2024-09-15 04:30:03 DEBUG - Elements were found by locator 'By.className: results-container' but not in desired state DISPLAYED
2024-09-15 04:30:03 INFO  - Text Field 'Search Input' :: Clicking
2024-09-15 04:30:03 DEBUG - Elements were found by locator 'By.className: results-container' but not in desired state DISPLAYED
2024-09-15 04:30:03 DEBUG - Elements were found by locator 'By.className: results-container' but not in desired state DISPLAYED
2024-09-15 04:30:03 INFO  - Text Field 'Search Input' :: Clearing
2024-09-15 04:30:03 INFO  - Text Field 'Search Input' :: Typing 'New York'
2024-09-15 04:30:03 DEBUG - Elements were found by locator 'By.className: results-container' but not in desired state DISPLAYED
2024-09-15 04:30:04 DEBUG - Elements were found by locator 'By.className: results-container' but not in desired state DISPLAYED
2024-09-15 04:30:04 DEBUG - Elements were found by locator 'By.className: results-container' but not in desired state DISPLAYED
2024-09-15 04:30:04 DEBUG - Elements were found by locator 'By.className: results-container' but not in desired state DISPLAYED
2024-09-15 04:30:04 INFO  - Button 'First Suggestion' :: Clicking
2024-09-15 04:30:05 INFO  - Label 'City Header' :: Getting text from element
2024-09-15 04:30:10 INFO  - Label 'City Header' :: Element's text: [New York City, NY]
2024-09-15 04:30:10 INFO  - Closing browser
